<?xml version="1.0" encoding="UTF-8"?>
<!-- Generated by org.testng.reporters.JUnitXMLReporter -->
<testsuite ignored="2" hostname="SPT-LPT-0343" failures="0" tests="4" name="Test" time="41.74" errors="0" timestamp="2024-12-04T17:23:42 IST">
  <testcase classname="UATUIAutomation.TestPages.SiteLoginTest" name="siteLogin" time="8.876"/>
  <testcase classname="UATUIAutomation.TestPages.CookieInternationalPOPUP" name="cookieCloseIcon" time="15.532"/>
  <testcase classname="UATUIAutomation.TestPages.HomePageTest" name="countrySelector" time="9.814"/>
  <testcase classname="UATUIAutomation.TestPages.ShirtPLPPageTest" name="producNameLink" time="7.438"/>
  <testcase classname="UATUIAutomation.Base" name="@AfterSuite tearDown" time="0.0">
    <ignored/>
  </testcase> <!-- @AfterSuite tearDown -->
  <testcase classname="UATUIAutomation.Base" name="@BeforeSuite launchsite" time="0.0">
    <ignored/>
  </testcase> <!-- @BeforeSuite launchsite -->
</testsuite> <!-- Test -->
