<?xml version="1.0" encoding="UTF-8"?>
<testng-results ignored="0" total="4" passed="4" failed="0" skipped="0">
  <reporter-output>
  </reporter-output>
  <suite started-at="2024-12-04T17:23:00 IST" name="Suite" finished-at="2024-12-04T17:23:42 IST" duration-ms="41740">
    <groups>
    </groups>
    <test started-at="2024-12-04T17:23:00 IST" name="Test" finished-at="2024-12-04T17:23:42 IST" duration-ms="41740">
      <class name="UATUIAutomation.TestPages.ShirtPLPPageTest">
        <test-method signature="producNameLink()[pri:0, instance:UATUIAutomation.TestPages.ShirtPLPPageTest@3059cbc]" started-at="2024-12-04T17:23:34 IST" name="producNameLink" finished-at="2024-12-04T17:23:42 IST" duration-ms="7438" status="PASS">
          <reporter-output>
          </reporter-output>
        </test-method> <!-- producNameLink -->
      </class> <!-- UATUIAutomation.TestPages.ShirtPLPPageTest -->
      <class name="UATUIAutomation.TestPages.HomePageTest">
        <test-method signature="countrySelector()[pri:0, instance:UATUIAutomation.TestPages.HomePageTest@6babf3bf]" started-at="2024-12-04T17:23:25 IST" name="countrySelector" finished-at="2024-12-04T17:23:34 IST" duration-ms="9814" status="PASS">
          <reporter-output>
          </reporter-output>
        </test-method> <!-- countrySelector -->
      </class> <!-- UATUIAutomation.TestPages.HomePageTest -->
      <class name="UATUIAutomation.TestPages.CookieInternationalPOPUP">
        <test-method signature="cookieCloseIcon()[pri:0, instance:UATUIAutomation.TestPages.CookieInternationalPOPUP@101952da]" started-at="2024-12-04T17:23:09 IST" name="cookieCloseIcon" finished-at="2024-12-04T17:23:25 IST" duration-ms="15532" status="PASS">
          <reporter-output>
          </reporter-output>
        </test-method> <!-- cookieCloseIcon -->
      </class> <!-- UATUIAutomation.TestPages.CookieInternationalPOPUP -->
      <class name="UATUIAutomation.TestPages.SiteLoginTest">
        <test-method is-config="true" signature="launchsite(java.lang.String,java.lang.String)[pri:0, instance:UATUIAutomation.TestPages.SiteLoginTest@2df9b86]" started-at="2024-12-04T17:22:57 IST" name="launchsite" finished-at="2024-12-04T17:23:00 IST" duration-ms="3281" status="PASS">
          <params>
            <param index="0">
              <value>
                <![CDATA[chrome]]>
              </value>
            </param>
            <param index="1">
              <value>
                <![CDATA[https://uat.cofe.dxl.com/]]>
              </value>
            </param>
          </params>
          <reporter-output>
          </reporter-output>
        </test-method> <!-- launchsite -->
        <test-method signature="siteLogin()[pri:1, instance:UATUIAutomation.TestPages.SiteLoginTest@2df9b86]" started-at="2024-12-04T17:23:00 IST" name="siteLogin" finished-at="2024-12-04T17:23:09 IST" duration-ms="8876" status="PASS">
          <reporter-output>
          </reporter-output>
        </test-method> <!-- siteLogin -->
        <test-method is-config="true" signature="tearDown()[pri:0, instance:UATUIAutomation.TestPages.SiteLoginTest@2df9b86]" started-at="2024-12-04T17:23:42 IST" name="tearDown" finished-at="2024-12-04T17:23:42 IST" duration-ms="263" status="PASS">
          <reporter-output>
          </reporter-output>
        </test-method> <!-- tearDown -->
      </class> <!-- UATUIAutomation.TestPages.SiteLoginTest -->
    </test> <!-- Test -->
  </suite> <!-- Suite -->
</testng-results>
